app/build/outputs/logs/manifest-merger-release-report.txt
-- Merging decision tree log ---
manifest
ADDED from src/main/AndroidManifest.xml:2:1-89:12
	package
		ADDED from src/main/AndroidManifest.xml:4:5-38
		INJECTED from src/main/AndroidManifest.xml
		INJECTED from src/main/AndroidManifest.xml
	android:sharedUserId
		ADDED from src/main/AndroidManifest.xml:5:5-46
	android:versionName
		ADDED from src/main/AndroidManifest.xml:7:5-32
		INJECTED from src/main/AndroidManifest.xml
		INJECTED from src/main/AndroidManifest.xml
	xmlns:tools
		ADDED from src/main/AndroidManifest.xml:3:5-51
	android:versionCode
		ADDED from src/main/AndroidManifest.xml:6:5-30
		INJECTED from src/main/AndroidManifest.xml
		INJECTED from src/main/AndroidManifest.xml
	xmlns:android
		ADDED from src/main/AndroidManifest.xml:2:11-69
uses-sdk
ADDED from src/main/AndroidManifest.xml:10:5-12:41
	android:targetSdkVersion
		ADDED from src/main/AndroidManifest.xml:12:9-38
		INJECTED from src/main/AndroidManifest.xml
		INJECTED from src/main/AndroidManifest.xml
	android:minSdkVersion
		ADDED from src/main/AndroidManifest.xml:11:9-35
		INJECTED from src/main/AndroidManifest.xml
		INJECTED from src/main/AndroidManifest.xml
uses-permission#android.permission.DISABLE_KEYGUARD
ADDED from src/main/AndroidManifest.xml:14:5-74
	android:name
		ADDED from src/main/AndroidManifest.xml:14:22-72
uses-permission#android.permission.GET_TASKS
ADDED from src/main/AndroidManifest.xml:15:5-68
	android:name
		ADDED from src/main/AndroidManifest.xml:15:22-65
uses-permission#android.permission.ACCESS_NETWORK_STATE
ADDED from src/main/AndroidManifest.xml:16:5-79
	android:name
		ADDED from src/main/AndroidManifest.xml:16:22-76
uses-permission#android.permission.ACCESS_WIFI_STATE
ADDED from src/main/AndroidManifest.xml:17:5-76
	android:name
		ADDED from src/main/AndroidManifest.xml:17:22-73
uses-permission#android.permission.INTERNET
ADDED from src/main/AndroidManifest.xml:18:5-67
	android:name
		ADDED from src/main/AndroidManifest.xml:18:22-64
uses-permission#android.permission.READ_PHONE_STATE
ADDED from src/main/AndroidManifest.xml:19:5-75
	android:name
		ADDED from src/main/AndroidManifest.xml:19:22-72
uses-permission#android.permission.WRITE_EXTERNAL_STORAGE
ADDED from src/main/AndroidManifest.xml:20:5-81
	android:name
		ADDED from src/main/AndroidManifest.xml:20:22-78
uses-permission#android.permission.WAKE_LOCK
ADDED from src/main/AndroidManifest.xml:21:5-68
	android:name
		ADDED from src/main/AndroidManifest.xml:21:22-65
uses-permission#android.permission.CHANGE_NETWORK_STATE
ADDED from src/main/AndroidManifest.xml:22:5-79
	android:name
		ADDED from src/main/AndroidManifest.xml:22:22-76
uses-permission#android.permission.CHANGE_WIFI_STATE
ADDED from src/main/AndroidManifest.xml:23:5-76
	android:name
		ADDED from src/main/AndroidManifest.xml:23:22-73
uses-permission#android.permission.VIBRATE
ADDED from src/main/AndroidManifest.xml:24:5-66
	android:name
		ADDED from src/main/AndroidManifest.xml:24:22-63
uses-permission#android.permission.BROADCAST_PACKAGE_ADDED
ADDED from src/main/AndroidManifest.xml:25:5-82
	android:name
		ADDED from src/main/AndroidManifest.xml:25:22-79
uses-permission#android.permission.BROADCAST_PACKAGE_CHANGED
ADDED from src/main/AndroidManifest.xml:26:5-84
	android:name
		ADDED from src/main/AndroidManifest.xml:26:22-81
uses-permission#android.permission.BROADCAST_PACKAGE_INSTALL
ADDED from src/main/AndroidManifest.xml:27:5-84
	android:name
		ADDED from src/main/AndroidManifest.xml:27:22-81
uses-permission#android.permission.BROADCAST_PACKAGE_REPLACED
ADDED from src/main/AndroidManifest.xml:28:5-85
	android:name
		ADDED from src/main/AndroidManifest.xml:28:22-82
uses-permission#android.permission.RESTART_PACKAGES
ADDED from src/main/AndroidManifest.xml:29:5-75
	android:name
		ADDED from src/main/AndroidManifest.xml:29:22-72
uses-permission#android.permission.WRITE_SETTINGS
ADDED from src/main/AndroidManifest.xml:30:5-72
	android:name
		ADDED from src/main/AndroidManifest.xml:30:22-70
uses-permission#android.permission.INJECT_EVENTS
ADDED from src/main/AndroidManifest.xml:31:5-32:47
	tools:ignore
		ADDED from src/main/AndroidManifest.xml:32:9-44
	android:name
		ADDED from src/main/AndroidManifest.xml:31:22-69
supports-screens
ADDED from src/main/AndroidManifest.xml:34:6-39:40
	android:largeScreens
		ADDED from src/main/AndroidManifest.xml:36:9-36
	android:smallScreens
		ADDED from src/main/AndroidManifest.xml:38:9-36
	android:normalScreens
		ADDED from src/main/AndroidManifest.xml:37:9-37
	android:xlargeScreens
		ADDED from src/main/AndroidManifest.xml:39:9-37
	android:anyDensity
		ADDED from src/main/AndroidManifest.xml:35:9-34
application
ADDED from src/main/AndroidManifest.xml:41:5-87:19
	android:label
		ADDED from src/main/AndroidManifest.xml:46:9-41
	android:hardwareAccelerated
		ADDED from src/main/AndroidManifest.xml:43:9-43
	android:allowBackup
		ADDED from src/main/AndroidManifest.xml:42:9-35
	android:icon
		ADDED from src/main/AndroidManifest.xml:44:9-48
	android:theme
		ADDED from src/main/AndroidManifest.xml:47:9-40
	android:name
		ADDED from src/main/AndroidManifest.xml:45:9-39
activity#com.android.redenvelope.SettingActivity
ADDED from src/main/AndroidManifest.xml:49:9-57:21
	android:screenOrientation
		ADDED from src/main/AndroidManifest.xml:50:13-49
	android:label
		ADDED from src/main/AndroidManifest.xml:51:13-45
	android:name
		ADDED from src/main/AndroidManifest.xml:49:19-50
intent-filter#android.intent.action.MAIN+android.intent.category.DEFAULT+android.intent.category.LAUNCHER
ADDED from src/main/AndroidManifest.xml:52:13-56:29
action#android.intent.action.MAIN
ADDED from src/main/AndroidManifest.xml:53:17-69
	android:name
		ADDED from src/main/AndroidManifest.xml:53:25-66
category#android.intent.category.DEFAULT
ADDED from src/main/AndroidManifest.xml:54:17-76
	android:name
		ADDED from src/main/AndroidManifest.xml:54:27-73
category#android.intent.category.LAUNCHER
ADDED from src/main/AndroidManifest.xml:55:17-77
	android:name
		ADDED from src/main/AndroidManifest.xml:55:27-74
activity#com.android.redenvelope.RedEnvelopeRecord
ADDED from src/main/AndroidManifest.xml:58:10-59:52
	android:screenOrientation
		ADDED from src/main/AndroidManifest.xml:59:14-50
	android:name
		ADDED from src/main/AndroidManifest.xml:58:20-53
activity#com.android.redenvelope.DismissKeyguardActivity
ADDED from src/main/AndroidManifest.xml:60:10-62:59
	android:exported
		ADDED from src/main/AndroidManifest.xml:61:14-37
	android:theme
		ADDED from src/main/AndroidManifest.xml:62:14-57
	android:name
		ADDED from src/main/AndroidManifest.xml:60:20-59
activity#com.android.redenvelope.NotifySettingsActivity
ADDED from src/main/AndroidManifest.xml:63:10-60
	android:name
		ADDED from src/main/AndroidManifest.xml:63:20-58
service#com.android.redenvelope.service.RedEnvelopeService
ADDED from src/main/AndroidManifest.xml:65:9-76:19
	android:enabled
		ADDED from src/main/AndroidManifest.xml:67:13-35
	android:exported
		ADDED from src/main/AndroidManifest.xml:68:13-36
	android:permission
		ADDED from src/main/AndroidManifest.xml:69:13-79
	android:name
		ADDED from src/main/AndroidManifest.xml:66:13-55
intent-filter#android.accessibilityservice.AccessibilityService
ADDED from src/main/AndroidManifest.xml:70:13-72:29
	android:priority
		ADDED from src/main/AndroidManifest.xml:70:28-51
action#android.accessibilityservice.AccessibilityService
ADDED from src/main/AndroidManifest.xml:71:17-91
	android:name
		ADDED from src/main/AndroidManifest.xml:71:25-89
meta-data#android.accessibilityservice
ADDED from src/main/AndroidManifest.xml:73:13-75:70
	android:resource
		ADDED from src/main/AndroidManifest.xml:75:17-68
	android:name
		ADDED from src/main/AndroidManifest.xml:74:17-60
service#com.android.redenvelope.MMShortcutService
ADDED from src/main/AndroidManifest.xml:78:9-85:19
	android:name
		ADDED from src/main/AndroidManifest.xml:78:18-74
intent-filter#com.topwise.mmshort.open
ADDED from src/main/AndroidManifest.xml:79:13-81:29
action#com.topwise.mmshort.open
ADDED from src/main/AndroidManifest.xml:80:17-67
	android:name
		ADDED from src/main/AndroidManifest.xml:80:25-64
meta-data#android.Mmmshortcutservice
ADDED from src/main/AndroidManifest.xml:82:13-84:70
	android:resource
		ADDED from src/main/AndroidManifest.xml:84:17-68
	android:name
		ADDED from src/main/AndroidManifest.xml:83:17-58